2020-05-07 18:28:06.242 [INFO ] [restartedMain] c.e.d.DevopscasestudyApplication - Starting DevopscasestudyApplication on DESKTOP-BG1HV2K with PID 28044 (C:\devops\java\devopscasestudy\target\classes started by GangaRevankar in C:\devops\java\devopscasestudy)
2020-05-07 18:28:06.243 [INFO ] [restartedMain] c.e.d.DevopscasestudyApplication - No active profile set, falling back to default profiles: default
2020-05-07 18:28:06.616 [INFO ] [restartedMain] o.s.d.r.c.RepositoryConfigurationDelegate - Bootstrapping Spring Data JPA repositories in DEFAULT mode.
2020-05-07 18:28:06.629 [INFO ] [restartedMain] o.s.d.r.c.RepositoryConfigurationDelegate - Finished Spring Data repository scanning in 12ms. Found 1 JPA repository interfaces.
2020-05-07 18:28:06.800 [INFO ] [restartedMain] o.s.b.w.e.t.TomcatWebServer - Tomcat initialized with port(s): 8083 (http)
2020-05-07 18:28:06.801 [INFO ] [restartedMain] o.a.c.c.StandardService - Starting service [Tomcat]
2020-05-07 18:28:06.802 [INFO ] [restartedMain] o.a.c.c.StandardEngine - Starting Servlet engine: [Apache Tomcat/9.0.33]
2020-05-07 18:28:06.827 [INFO ] [restartedMain] o.a.c.c.C.[.[.[/] - Initializing Spring embedded WebApplicationContext
2020-05-07 18:28:06.827 [INFO ] [restartedMain] o.s.w.c.ContextLoader - Root WebApplicationContext: initialization completed in 579 ms
2020-05-07 18:28:06.877 [INFO ] [restartedMain] o.h.j.i.u.LogHelper - HHH000204: Processing PersistenceUnitInfo [name: default]
2020-05-07 18:28:06.884 [INFO ] [restartedMain] c.z.h.HikariDataSource - HikariPool-7 - Starting...
2020-05-07 18:28:06.890 [INFO ] [restartedMain] c.z.h.HikariDataSource - HikariPool-7 - Start completed.
2020-05-07 18:28:06.890 [INFO ] [restartedMain] o.h.d.Dialect - HHH000400: Using dialect: org.hibernate.dialect.MySQL55Dialect
2020-05-07 18:28:07.329 [INFO ] [restartedMain] o.h.e.t.j.p.i.JtaPlatformInitiator - HHH000490: Using JtaPlatform implementation: [org.hibernate.engine.transaction.jta.platform.internal.NoJtaPlatform]
2020-05-07 18:28:07.330 [INFO ] [restartedMain] o.s.o.j.LocalContainerEntityManagerFactoryBean - Initialized JPA EntityManagerFactory for persistence unit 'default'
2020-05-07 18:28:07.348 [INFO ] [restartedMain] o.s.b.d.a.OptionalLiveReloadServer - LiveReload server is running on port 35729
2020-05-07 18:28:07.456 [WARN ] [restartedMain] o.s.b.a.o.j.JpaBaseConfiguration$JpaWebConfiguration - spring.jpa.open-in-view is enabled by default. Therefore, database queries may be performed during view rendering. Explicitly configure spring.jpa.open-in-view to disable this warning
2020-05-07 18:28:07.515 [INFO ] [restartedMain] o.s.s.c.ThreadPoolTaskExecutor - Initializing ExecutorService 'applicationTaskExecutor'
2020-05-07 18:28:07.649 [INFO ] [restartedMain] o.s.b.w.e.t.TomcatWebServer - Tomcat started on port(s): 8083 (http) with context path ''
2020-05-07 18:28:07.660 [INFO ] [restartedMain] c.e.d.DevopscasestudyApplication - Started DevopscasestudyApplication in 1.528 seconds (JVM running for 19812.794)
2020-05-07 18:28:07.663 [INFO ] [restartedMain] o.s.b.d.a.ConditionEvaluationDeltaLoggingListener - Condition evaluation unchanged
2020-05-07 18:28:25.724 [INFO ] [main] c.e.d.DevopscasestudyApplicationTests - Starting DevopscasestudyApplicationTests on DESKTOP-BG1HV2K with PID 39084 (started by GangaRevankar in C:\devops\java\devopscasestudy)
2020-05-07 18:28:25.727 [INFO ] [main] c.e.d.DevopscasestudyApplicationTests - No active profile set, falling back to default profiles: default
2020-05-07 18:28:27.891 [INFO ] [main] o.s.d.r.c.RepositoryConfigurationDelegate - Bootstrapping Spring Data JPA repositories in DEFAULT mode.
2020-05-07 18:28:28.109 [INFO ] [main] o.s.d.r.c.RepositoryConfigurationDelegate - Finished Spring Data repository scanning in 200ms. Found 1 JPA repository interfaces.
2020-05-07 18:28:29.532 [INFO ] [main] o.h.j.i.u.LogHelper - HHH000204: Processing PersistenceUnitInfo [name: default]
2020-05-07 18:28:29.793 [INFO ] [main] o.h.Version - HHH000412: Hibernate ORM core version 5.4.12.Final
2020-05-07 18:28:30.247 [INFO ] [main] o.h.a.c.Version - HCANN000001: Hibernate Commons Annotations {5.1.0.Final}
2020-05-07 18:28:31.327 [INFO ] [main] c.z.h.HikariDataSource - HikariPool-1 - Starting...
2020-05-07 18:28:31.696 [INFO ] [main] c.z.h.HikariDataSource - HikariPool-1 - Start completed.
2020-05-07 18:28:31.749 [INFO ] [main] o.h.d.Dialect - HHH000400: Using dialect: org.hibernate.dialect.MySQL55Dialect
2020-05-07 18:28:33.323 [INFO ] [main] o.h.e.t.j.p.i.JtaPlatformInitiator - HHH000490: Using JtaPlatform implementation: [org.hibernate.engine.transaction.jta.platform.internal.NoJtaPlatform]
2020-05-07 18:28:33.338 [INFO ] [main] o.s.o.j.LocalContainerEntityManagerFactoryBean - Initialized JPA EntityManagerFactory for persistence unit 'default'
2020-05-07 18:28:34.662 [WARN ] [main] o.s.b.a.o.j.JpaBaseConfiguration$JpaWebConfiguration - spring.jpa.open-in-view is enabled by default. Therefore, database queries may be performed during view rendering. Explicitly configure spring.jpa.open-in-view to disable this warning
2020-05-07 18:28:35.445 [INFO ] [main] o.s.s.c.ThreadPoolTaskExecutor - Initializing ExecutorService 'applicationTaskExecutor'
2020-05-07 18:28:36.148 [INFO ] [main] c.e.d.DevopscasestudyApplicationTests - Started DevopscasestudyApplicationTests in 11.519 seconds (JVM running for 14.674)
2020-05-07 18:28:37.210 [INFO ] [SpringContextShutdownHook] o.s.s.c.ThreadPoolTaskExecutor - Shutting down ExecutorService 'applicationTaskExecutor'
2020-05-07 18:28:37.214 [INFO ] [SpringContextShutdownHook] o.s.o.j.LocalContainerEntityManagerFactoryBean - Closing JPA EntityManagerFactory for persistence unit 'default'
2020-05-07 18:28:37.218 [INFO ] [SpringContextShutdownHook] c.z.h.HikariDataSource - HikariPool-1 - Shutdown initiated...
2020-05-07 18:28:37.290 [INFO ] [SpringContextShutdownHook] c.z.h.HikariDataSource - HikariPool-1 - Shutdown completed.
2020-05-07 18:28:56.235 [INFO ] [restartedMain] c.e.d.DevopscasestudyApplication - Starting DevopscasestudyApplication on DESKTOP-BG1HV2K with PID 40172 (C:\devops\java\devopscasestudy\target\classes started by GangaRevankar in C:\devops\java\devopscasestudy)
2020-05-07 18:28:56.242 [INFO ] [restartedMain] c.e.d.DevopscasestudyApplication - No active profile set, falling back to default profiles: default
2020-05-07 18:28:56.349 [INFO ] [restartedMain] o.s.b.d.r.ChangeableUrls - The Class-Path manifest attribute in C:\Users\GangaRevankar\.m2\repository\org\glassfish\jaxb\jaxb-runtime\2.3.2\jaxb-runtime-2.3.2.jar referenced one or more files that do not exist: file:/C:/Users/GangaRevankar/.m2/repository/org/glassfish/jaxb/jaxb-runtime/2.3.2/jakarta.xml.bind-api-2.3.2.jar,file:/C:/Users/GangaRevankar/.m2/repository/org/glassfish/jaxb/jaxb-runtime/2.3.2/txw2-2.3.2.jar,file:/C:/Users/GangaRevankar/.m2/repository/org/glassfish/jaxb/jaxb-runtime/2.3.2/istack-commons-runtime-3.0.8.jar,file:/C:/Users/GangaRevankar/.m2/repository/org/glassfish/jaxb/jaxb-runtime/2.3.2/stax-ex-1.8.1.jar,file:/C:/Users/GangaRevankar/.m2/repository/org/glassfish/jaxb/jaxb-runtime/2.3.2/FastInfoset-1.2.16.jar,file:/C:/Users/GangaRevankar/.m2/repository/org/glassfish/jaxb/jaxb-runtime/2.3.2/jakarta.activation-api-1.2.1.jar
2020-05-07 18:28:56.350 [INFO ] [restartedMain] o.s.b.d.e.DevToolsPropertyDefaultsPostProcessor - Devtools property defaults active! Set 'spring.devtools.add-properties' to 'false' to disable
2020-05-07 18:28:56.350 [INFO ] [restartedMain] o.s.b.d.e.DevToolsPropertyDefaultsPostProcessor - For additional web related logging consider setting the 'logging.level.web' property to 'DEBUG'
2020-05-07 18:28:57.215 [INFO ] [restartedMain] o.s.d.r.c.RepositoryConfigurationDelegate - Bootstrapping Spring Data JPA repositories in DEFAULT mode.
2020-05-07 18:28:57.298 [INFO ] [restartedMain] o.s.d.r.c.RepositoryConfigurationDelegate - Finished Spring Data repository scanning in 72ms. Found 1 JPA repository interfaces.
2020-05-07 18:28:58.019 [INFO ] [restartedMain] o.s.b.w.e.t.TomcatWebServer - Tomcat initialized with port(s): 8083 (http)
2020-05-07 18:28:58.048 [INFO ] [restartedMain] o.a.c.c.StandardService - Starting service [Tomcat]
2020-05-07 18:28:58.048 [INFO ] [restartedMain] o.a.c.c.StandardEngine - Starting Servlet engine: [Apache Tomcat/9.0.33]
2020-05-07 18:28:58.202 [INFO ] [restartedMain] o.a.c.c.C.[.[.[/] - Initializing Spring embedded WebApplicationContext
2020-05-07 18:28:58.203 [INFO ] [restartedMain] o.s.w.c.ContextLoader - Root WebApplicationContext: initialization completed in 1853 ms
2020-05-07 18:28:58.392 [INFO ] [restartedMain] o.h.j.i.u.LogHelper - HHH000204: Processing PersistenceUnitInfo [name: default]
2020-05-07 18:28:58.470 [INFO ] [restartedMain] o.h.Version - HHH000412: Hibernate ORM core version 5.4.12.Final
2020-05-07 18:28:58.630 [INFO ] [restartedMain] o.h.a.c.Version - HCANN000001: Hibernate Commons Annotations {5.1.0.Final}
2020-05-07 18:28:58.769 [INFO ] [restartedMain] c.z.h.HikariDataSource - HikariPool-1 - Starting...
2020-05-07 18:28:58.933 [INFO ] [restartedMain] c.z.h.HikariDataSource - HikariPool-1 - Start completed.
2020-05-07 18:28:58.952 [INFO ] [restartedMain] o.h.d.Dialect - HHH000400: Using dialect: org.hibernate.dialect.MySQL55Dialect
2020-05-07 18:28:59.853 [INFO ] [restartedMain] o.h.e.t.j.p.i.JtaPlatformInitiator - HHH000490: Using JtaPlatform implementation: [org.hibernate.engine.transaction.jta.platform.internal.NoJtaPlatform]
2020-05-07 18:28:59.861 [INFO ] [restartedMain] o.s.o.j.LocalContainerEntityManagerFactoryBean - Initialized JPA EntityManagerFactory for persistence unit 'default'
2020-05-07 18:28:59.901 [WARN ] [restartedMain] o.s.b.d.a.OptionalLiveReloadServer - Unable to start LiveReload server
2020-05-07 18:29:00.382 [WARN ] [restartedMain] o.s.b.a.o.j.JpaBaseConfiguration$JpaWebConfiguration - spring.jpa.open-in-view is enabled by default. Therefore, database queries may be performed during view rendering. Explicitly configure spring.jpa.open-in-view to disable this warning
2020-05-07 18:29:00.571 [INFO ] [restartedMain] o.s.s.c.ThreadPoolTaskExecutor - Initializing ExecutorService 'applicationTaskExecutor'
2020-05-07 18:29:00.840 [INFO ] [restartedMain] o.a.c.c.StandardService - Stopping service [Tomcat]
2020-05-07 18:29:00.852 [INFO ] [restartedMain] o.s.b.a.l.ConditionEvaluationReportLoggingListener - 

Error starting ApplicationContext. To display the conditions report re-run your application with 'debug' enabled.
2020-05-07 18:29:00.858 [ERROR] [restartedMain] o.s.b.d.LoggingFailureAnalysisReporter - 

***************************
APPLICATION FAILED TO START
***************************

Description:

Web server failed to start. Port 8083 was already in use.

Action:

Identify and stop the process that's listening on port 8083 or configure this application to listen on another port.

2020-05-07 18:29:00.862 [INFO ] [restartedMain] o.s.s.c.ThreadPoolTaskExecutor - Shutting down ExecutorService 'applicationTaskExecutor'
2020-05-07 18:29:00.863 [INFO ] [restartedMain] o.s.o.j.LocalContainerEntityManagerFactoryBean - Closing JPA EntityManagerFactory for persistence unit 'default'
2020-05-07 18:29:00.868 [INFO ] [restartedMain] c.z.h.HikariDataSource - HikariPool-1 - Shutdown initiated...
2020-05-07 18:29:00.882 [INFO ] [restartedMain] c.z.h.HikariDataSource - HikariPool-1 - Shutdown completed.
2020-05-07 18:33:37.250 [INFO ] [restartedMain] c.e.d.DevopscasestudyApplication - Starting DevopscasestudyApplication on DESKTOP-BG1HV2K with PID 39888 (C:\devops\java\devopscasestudy\target\classes started by GangaRevankar in C:\devops\java\devopscasestudy)
2020-05-07 18:33:37.256 [INFO ] [restartedMain] c.e.d.DevopscasestudyApplication - No active profile set, falling back to default profiles: default
2020-05-07 18:33:37.325 [INFO ] [restartedMain] o.s.b.d.r.ChangeableUrls - The Class-Path manifest attribute in C:\Users\GangaRevankar\.m2\repository\org\glassfish\jaxb\jaxb-runtime\2.3.2\jaxb-runtime-2.3.2.jar referenced one or more files that do not exist: file:/C:/Users/GangaRevankar/.m2/repository/org/glassfish/jaxb/jaxb-runtime/2.3.2/jakarta.xml.bind-api-2.3.2.jar,file:/C:/Users/GangaRevankar/.m2/repository/org/glassfish/jaxb/jaxb-runtime/2.3.2/txw2-2.3.2.jar,file:/C:/Users/GangaRevankar/.m2/repository/org/glassfish/jaxb/jaxb-runtime/2.3.2/istack-commons-runtime-3.0.8.jar,file:/C:/Users/GangaRevankar/.m2/repository/org/glassfish/jaxb/jaxb-runtime/2.3.2/stax-ex-1.8.1.jar,file:/C:/Users/GangaRevankar/.m2/repository/org/glassfish/jaxb/jaxb-runtime/2.3.2/FastInfoset-1.2.16.jar,file:/C:/Users/GangaRevankar/.m2/repository/org/glassfish/jaxb/jaxb-runtime/2.3.2/jakarta.activation-api-1.2.1.jar
2020-05-07 18:33:37.326 [INFO ] [restartedMain] o.s.b.d.e.DevToolsPropertyDefaultsPostProcessor - Devtools property defaults active! Set 'spring.devtools.add-properties' to 'false' to disable
2020-05-07 18:33:37.326 [INFO ] [restartedMain] o.s.b.d.e.DevToolsPropertyDefaultsPostProcessor - For additional web related logging consider setting the 'logging.level.web' property to 'DEBUG'
2020-05-07 18:33:38.221 [INFO ] [restartedMain] o.s.d.r.c.RepositoryConfigurationDelegate - Bootstrapping Spring Data JPA repositories in DEFAULT mode.
2020-05-07 18:33:38.325 [INFO ] [restartedMain] o.s.d.r.c.RepositoryConfigurationDelegate - Finished Spring Data repository scanning in 88ms. Found 1 JPA repository interfaces.
2020-05-07 18:33:39.078 [INFO ] [restartedMain] o.s.b.w.e.t.TomcatWebServer - Tomcat initialized with port(s): 8083 (http)
2020-05-07 18:33:39.122 [INFO ] [restartedMain] o.a.c.c.StandardService - Starting service [Tomcat]
2020-05-07 18:33:39.122 [INFO ] [restartedMain] o.a.c.c.StandardEngine - Starting Servlet engine: [Apache Tomcat/9.0.33]
2020-05-07 18:33:39.321 [INFO ] [restartedMain] o.a.c.c.C.[.[.[/] - Initializing Spring embedded WebApplicationContext
2020-05-07 18:33:39.321 [INFO ] [restartedMain] o.s.w.c.ContextLoader - Root WebApplicationContext: initialization completed in 1994 ms
2020-05-07 18:33:39.548 [INFO ] [restartedMain] o.h.j.i.u.LogHelper - HHH000204: Processing PersistenceUnitInfo [name: default]
2020-05-07 18:33:39.678 [INFO ] [restartedMain] o.h.Version - HHH000412: Hibernate ORM core version 5.4.12.Final
2020-05-07 18:33:39.879 [INFO ] [restartedMain] o.h.a.c.Version - HCANN000001: Hibernate Commons Annotations {5.1.0.Final}
2020-05-07 18:33:40.068 [INFO ] [restartedMain] c.z.h.HikariDataSource - HikariPool-1 - Starting...
2020-05-07 18:33:40.327 [INFO ] [restartedMain] c.z.h.HikariDataSource - HikariPool-1 - Start completed.
2020-05-07 18:33:40.362 [INFO ] [restartedMain] o.h.d.Dialect - HHH000400: Using dialect: org.hibernate.dialect.MySQL55Dialect
2020-05-07 18:33:41.676 [INFO ] [restartedMain] o.h.e.t.j.p.i.JtaPlatformInitiator - HHH000490: Using JtaPlatform implementation: [org.hibernate.engine.transaction.jta.platform.internal.NoJtaPlatform]
2020-05-07 18:33:41.693 [INFO ] [restartedMain] o.s.o.j.LocalContainerEntityManagerFactoryBean - Initialized JPA EntityManagerFactory for persistence unit 'default'
2020-05-07 18:33:41.757 [WARN ] [restartedMain] o.s.b.d.a.OptionalLiveReloadServer - Unable to start LiveReload server
2020-05-07 18:33:42.873 [WARN ] [restartedMain] o.s.b.a.o.j.JpaBaseConfiguration$JpaWebConfiguration - spring.jpa.open-in-view is enabled by default. Therefore, database queries may be performed during view rendering. Explicitly configure spring.jpa.open-in-view to disable this warning
2020-05-07 18:33:43.276 [INFO ] [restartedMain] o.s.s.c.ThreadPoolTaskExecutor - Initializing ExecutorService 'applicationTaskExecutor'
2020-05-07 18:33:43.639 [INFO ] [restartedMain] o.a.c.c.StandardService - Stopping service [Tomcat]
2020-05-07 18:33:43.651 [INFO ] [restartedMain] o.s.b.a.l.ConditionEvaluationReportLoggingListener - 

Error starting ApplicationContext. To display the conditions report re-run your application with 'debug' enabled.
2020-05-07 18:33:43.659 [ERROR] [restartedMain] o.s.b.d.LoggingFailureAnalysisReporter - 

***************************
APPLICATION FAILED TO START
***************************

Description:

Web server failed to start. Port 8083 was already in use.

Action:

Identify and stop the process that's listening on port 8083 or configure this application to listen on another port.

2020-05-07 18:33:43.663 [INFO ] [restartedMain] o.s.s.c.ThreadPoolTaskExecutor - Shutting down ExecutorService 'applicationTaskExecutor'
2020-05-07 18:33:43.666 [INFO ] [restartedMain] o.s.o.j.LocalContainerEntityManagerFactoryBean - Closing JPA EntityManagerFactory for persistence unit 'default'
2020-05-07 18:33:43.672 [INFO ] [restartedMain] c.z.h.HikariDataSource - HikariPool-1 - Shutdown initiated...
2020-05-07 18:33:43.709 [INFO ] [restartedMain] c.z.h.HikariDataSource - HikariPool-1 - Shutdown completed.
2020-05-07 18:34:06.113 [INFO ] [http-nio-8083-exec-2] o.a.c.c.C.[.[.[/] - Initializing Spring DispatcherServlet 'dispatcherServlet'
2020-05-07 18:34:06.117 [INFO ] [http-nio-8083-exec-2] o.s.w.s.DispatcherServlet - Initializing Servlet 'dispatcherServlet'
2020-05-07 18:34:06.125 [INFO ] [http-nio-8083-exec-2] o.s.w.s.DispatcherServlet - Completed initialization in 8 ms
2020-05-07 18:39:50.032 [INFO ] [restartedMain] c.e.d.DevopscasestudyApplication - Starting DevopscasestudyApplication on DESKTOP-BG1HV2K with PID 40756 (C:\devops\java\devopscasestudy\target\classes started by GangaRevankar in C:\devops\java\devopscasestudy)
2020-05-07 18:39:50.038 [INFO ] [restartedMain] c.e.d.DevopscasestudyApplication - No active profile set, falling back to default profiles: default
2020-05-07 18:39:50.133 [INFO ] [restartedMain] o.s.b.d.r.ChangeableUrls - The Class-Path manifest attribute in C:\Users\GangaRevankar\.m2\repository\org\glassfish\jaxb\jaxb-runtime\2.3.2\jaxb-runtime-2.3.2.jar referenced one or more files that do not exist: file:/C:/Users/GangaRevankar/.m2/repository/org/glassfish/jaxb/jaxb-runtime/2.3.2/jakarta.xml.bind-api-2.3.2.jar,file:/C:/Users/GangaRevankar/.m2/repository/org/glassfish/jaxb/jaxb-runtime/2.3.2/txw2-2.3.2.jar,file:/C:/Users/GangaRevankar/.m2/repository/org/glassfish/jaxb/jaxb-runtime/2.3.2/istack-commons-runtime-3.0.8.jar,file:/C:/Users/GangaRevankar/.m2/repository/org/glassfish/jaxb/jaxb-runtime/2.3.2/stax-ex-1.8.1.jar,file:/C:/Users/GangaRevankar/.m2/repository/org/glassfish/jaxb/jaxb-runtime/2.3.2/FastInfoset-1.2.16.jar,file:/C:/Users/GangaRevankar/.m2/repository/org/glassfish/jaxb/jaxb-runtime/2.3.2/jakarta.activation-api-1.2.1.jar
2020-05-07 18:39:50.136 [INFO ] [restartedMain] o.s.b.d.e.DevToolsPropertyDefaultsPostProcessor - Devtools property defaults active! Set 'spring.devtools.add-properties' to 'false' to disable
2020-05-07 18:39:50.136 [INFO ] [restartedMain] o.s.b.d.e.DevToolsPropertyDefaultsPostProcessor - For additional web related logging consider setting the 'logging.level.web' property to 'DEBUG'
2020-05-07 18:39:51.138 [INFO ] [restartedMain] o.s.d.r.c.RepositoryConfigurationDelegate - Bootstrapping Spring Data JPA repositories in DEFAULT mode.
2020-05-07 18:39:51.229 [INFO ] [restartedMain] o.s.d.r.c.RepositoryConfigurationDelegate - Finished Spring Data repository scanning in 79ms. Found 1 JPA repository interfaces.
2020-05-07 18:39:51.959 [INFO ] [restartedMain] o.s.b.w.e.t.TomcatWebServer - Tomcat initialized with port(s): 8083 (http)
2020-05-07 18:39:51.986 [INFO ] [restartedMain] o.a.c.c.StandardService - Starting service [Tomcat]
2020-05-07 18:39:51.987 [INFO ] [restartedMain] o.a.c.c.StandardEngine - Starting Servlet engine: [Apache Tomcat/9.0.33]
2020-05-07 18:39:52.157 [INFO ] [restartedMain] o.a.c.c.C.[.[.[/] - Initializing Spring embedded WebApplicationContext
2020-05-07 18:39:52.166 [INFO ] [restartedMain] o.s.w.c.ContextLoader - Root WebApplicationContext: initialization completed in 2029 ms
2020-05-07 18:39:52.449 [INFO ] [restartedMain] o.h.j.i.u.LogHelper - HHH000204: Processing PersistenceUnitInfo [name: default]
2020-05-07 18:39:52.563 [INFO ] [restartedMain] o.h.Version - HHH000412: Hibernate ORM core version 5.4.12.Final
2020-05-07 18:39:52.717 [INFO ] [restartedMain] o.h.a.c.Version - HCANN000001: Hibernate Commons Annotations {5.1.0.Final}
2020-05-07 18:39:52.843 [INFO ] [restartedMain] c.z.h.HikariDataSource - HikariPool-1 - Starting...
2020-05-07 18:39:53.003 [INFO ] [restartedMain] c.z.h.HikariDataSource - HikariPool-1 - Start completed.
2020-05-07 18:39:53.032 [INFO ] [restartedMain] o.h.d.Dialect - HHH000400: Using dialect: org.hibernate.dialect.MySQL55Dialect
2020-05-07 18:39:53.988 [INFO ] [restartedMain] o.h.e.t.j.p.i.JtaPlatformInitiator - HHH000490: Using JtaPlatform implementation: [org.hibernate.engine.transaction.jta.platform.internal.NoJtaPlatform]
2020-05-07 18:39:53.997 [INFO ] [restartedMain] o.s.o.j.LocalContainerEntityManagerFactoryBean - Initialized JPA EntityManagerFactory for persistence unit 'default'
2020-05-07 18:39:54.034 [WARN ] [restartedMain] o.s.b.d.a.OptionalLiveReloadServer - Unable to start LiveReload server
2020-05-07 18:39:54.489 [WARN ] [restartedMain] o.s.b.a.o.j.JpaBaseConfiguration$JpaWebConfiguration - spring.jpa.open-in-view is enabled by default. Therefore, database queries may be performed during view rendering. Explicitly configure spring.jpa.open-in-view to disable this warning
2020-05-07 18:39:54.694 [INFO ] [restartedMain] o.s.s.c.ThreadPoolTaskExecutor - Initializing ExecutorService 'applicationTaskExecutor'
2020-05-07 18:39:55.016 [INFO ] [restartedMain] o.a.c.c.StandardService - Stopping service [Tomcat]
2020-05-07 18:39:55.029 [INFO ] [restartedMain] o.s.b.a.l.ConditionEvaluationReportLoggingListener - 

Error starting ApplicationContext. To display the conditions report re-run your application with 'debug' enabled.
2020-05-07 18:39:55.037 [ERROR] [restartedMain] o.s.b.d.LoggingFailureAnalysisReporter - 

***************************
APPLICATION FAILED TO START
***************************

Description:

Web server failed to start. Port 8083 was already in use.

Action:

Identify and stop the process that's listening on port 8083 or configure this application to listen on another port.

2020-05-07 18:39:55.042 [INFO ] [restartedMain] o.s.s.c.ThreadPoolTaskExecutor - Shutting down ExecutorService 'applicationTaskExecutor'
2020-05-07 18:39:55.043 [INFO ] [restartedMain] o.s.o.j.LocalContainerEntityManagerFactoryBean - Closing JPA EntityManagerFactory for persistence unit 'default'
2020-05-07 18:39:55.051 [INFO ] [restartedMain] c.z.h.HikariDataSource - HikariPool-1 - Shutdown initiated...
2020-05-07 18:39:55.071 [INFO ] [restartedMain] c.z.h.HikariDataSource - HikariPool-1 - Shutdown completed.
2020-05-07 18:41:13.677 [INFO ] [restartedMain] c.e.d.DevopscasestudyApplication - Starting DevopscasestudyApplication on DESKTOP-BG1HV2K with PID 36444 (C:\devops\java\devopscasestudy\target\classes started by GangaRevankar in C:\devops\java\devopscasestudy)
2020-05-07 18:41:13.683 [INFO ] [restartedMain] c.e.d.DevopscasestudyApplication - No active profile set, falling back to default profiles: default
2020-05-07 18:41:13.751 [INFO ] [restartedMain] o.s.b.d.r.ChangeableUrls - The Class-Path manifest attribute in C:\Users\GangaRevankar\.m2\repository\org\glassfish\jaxb\jaxb-runtime\2.3.2\jaxb-runtime-2.3.2.jar referenced one or more files that do not exist: file:/C:/Users/GangaRevankar/.m2/repository/org/glassfish/jaxb/jaxb-runtime/2.3.2/jakarta.xml.bind-api-2.3.2.jar,file:/C:/Users/GangaRevankar/.m2/repository/org/glassfish/jaxb/jaxb-runtime/2.3.2/txw2-2.3.2.jar,file:/C:/Users/GangaRevankar/.m2/repository/org/glassfish/jaxb/jaxb-runtime/2.3.2/istack-commons-runtime-3.0.8.jar,file:/C:/Users/GangaRevankar/.m2/repository/org/glassfish/jaxb/jaxb-runtime/2.3.2/stax-ex-1.8.1.jar,file:/C:/Users/GangaRevankar/.m2/repository/org/glassfish/jaxb/jaxb-runtime/2.3.2/FastInfoset-1.2.16.jar,file:/C:/Users/GangaRevankar/.m2/repository/org/glassfish/jaxb/jaxb-runtime/2.3.2/jakarta.activation-api-1.2.1.jar
2020-05-07 18:41:13.752 [INFO ] [restartedMain] o.s.b.d.e.DevToolsPropertyDefaultsPostProcessor - Devtools property defaults active! Set 'spring.devtools.add-properties' to 'false' to disable
2020-05-07 18:41:13.752 [INFO ] [restartedMain] o.s.b.d.e.DevToolsPropertyDefaultsPostProcessor - For additional web related logging consider setting the 'logging.level.web' property to 'DEBUG'
2020-05-07 18:41:14.653 [INFO ] [restartedMain] o.s.d.r.c.RepositoryConfigurationDelegate - Bootstrapping Spring Data JPA repositories in DEFAULT mode.
2020-05-07 18:41:14.752 [INFO ] [restartedMain] o.s.d.r.c.RepositoryConfigurationDelegate - Finished Spring Data repository scanning in 86ms. Found 1 JPA repository interfaces.
2020-05-07 18:41:15.520 [INFO ] [restartedMain] o.s.b.w.e.t.TomcatWebServer - Tomcat initialized with port(s): 8083 (http)
2020-05-07 18:41:15.531 [INFO ] [restartedMain] o.a.c.c.StandardService - Starting service [Tomcat]
2020-05-07 18:41:15.532 [INFO ] [restartedMain] o.a.c.c.StandardEngine - Starting Servlet engine: [Apache Tomcat/9.0.33]
2020-05-07 18:41:15.687 [INFO ] [restartedMain] o.a.c.c.C.[.[.[/] - Initializing Spring embedded WebApplicationContext
2020-05-07 18:41:15.687 [INFO ] [restartedMain] o.s.w.c.ContextLoader - Root WebApplicationContext: initialization completed in 1934 ms
2020-05-07 18:41:15.926 [INFO ] [restartedMain] o.h.j.i.u.LogHelper - HHH000204: Processing PersistenceUnitInfo [name: default]
2020-05-07 18:41:16.009 [INFO ] [restartedMain] o.h.Version - HHH000412: Hibernate ORM core version 5.4.12.Final
2020-05-07 18:41:16.156 [INFO ] [restartedMain] o.h.a.c.Version - HCANN000001: Hibernate Commons Annotations {5.1.0.Final}
2020-05-07 18:41:16.287 [INFO ] [restartedMain] c.z.h.HikariDataSource - HikariPool-1 - Starting...
2020-05-07 18:41:16.479 [INFO ] [restartedMain] c.z.h.HikariDataSource - HikariPool-1 - Start completed.
2020-05-07 18:41:16.504 [INFO ] [restartedMain] o.h.d.Dialect - HHH000400: Using dialect: org.hibernate.dialect.MySQL55Dialect
2020-05-07 18:41:17.449 [INFO ] [restartedMain] o.h.e.t.j.p.i.JtaPlatformInitiator - HHH000490: Using JtaPlatform implementation: [org.hibernate.engine.transaction.jta.platform.internal.NoJtaPlatform]
2020-05-07 18:41:17.457 [INFO ] [restartedMain] o.s.o.j.LocalContainerEntityManagerFactoryBean - Initialized JPA EntityManagerFactory for persistence unit 'default'
2020-05-07 18:41:17.494 [WARN ] [restartedMain] o.s.b.d.a.OptionalLiveReloadServer - Unable to start LiveReload server
2020-05-07 18:41:17.919 [WARN ] [restartedMain] o.s.b.a.o.j.JpaBaseConfiguration$JpaWebConfiguration - spring.jpa.open-in-view is enabled by default. Therefore, database queries may be performed during view rendering. Explicitly configure spring.jpa.open-in-view to disable this warning
2020-05-07 18:41:18.099 [INFO ] [restartedMain] o.s.s.c.ThreadPoolTaskExecutor - Initializing ExecutorService 'applicationTaskExecutor'
2020-05-07 18:41:18.425 [INFO ] [restartedMain] o.a.c.c.StandardService - Stopping service [Tomcat]
2020-05-07 18:41:18.435 [INFO ] [restartedMain] o.s.b.a.l.ConditionEvaluationReportLoggingListener - 

Error starting ApplicationContext. To display the conditions report re-run your application with 'debug' enabled.
2020-05-07 18:41:18.440 [ERROR] [restartedMain] o.s.b.d.LoggingFailureAnalysisReporter - 

***************************
APPLICATION FAILED TO START
***************************

Description:

Web server failed to start. Port 8083 was already in use.

Action:

Identify and stop the process that's listening on port 8083 or configure this application to listen on another port.

2020-05-07 18:41:18.444 [INFO ] [restartedMain] o.s.s.c.ThreadPoolTaskExecutor - Shutting down ExecutorService 'applicationTaskExecutor'
2020-05-07 18:41:18.445 [INFO ] [restartedMain] o.s.o.j.LocalContainerEntityManagerFactoryBean - Closing JPA EntityManagerFactory for persistence unit 'default'
2020-05-07 18:41:18.451 [INFO ] [restartedMain] c.z.h.HikariDataSource - HikariPool-1 - Shutdown initiated...
2020-05-07 18:41:18.464 [INFO ] [restartedMain] c.z.h.HikariDataSource - HikariPool-1 - Shutdown completed.
<<<<<<< HEAD
2020-05-07 19:04:33.897 [INFO ] [Thread-33] o.s.s.c.ThreadPoolTaskExecutor - Shutting down ExecutorService 'applicationTaskExecutor'
2020-05-07 19:04:33.977 [INFO ] [Thread-33] o.s.o.j.LocalContainerEntityManagerFactoryBean - Closing JPA EntityManagerFactory for persistence unit 'default'
2020-05-07 19:04:34.207 [INFO ] [Thread-33] c.z.h.HikariDataSource - HikariPool-7 - Shutdown initiated...
2020-05-07 19:04:34.259 [INFO ] [Thread-33] c.z.h.HikariDataSource - HikariPool-7 - Shutdown completed.
=======
>>>>>>> 455211bbd29a2c3a281d0188d2049f17d3405e44
2020-05-07 20:21:19.028 [INFO ] [restartedMain] c.e.d.DevopscasestudyApplication - Starting DevopscasestudyApplication on DESKTOP-BG1HV2K with PID 28044 (C:\devops\java\devopscasestudy\target\classes started by GangaRevankar in C:\devops\java\devopscasestudy)
2020-05-07 20:21:19.030 [INFO ] [restartedMain] c.e.d.DevopscasestudyApplication - No active profile set, falling back to default profiles: default
2020-05-07 20:21:20.695 [INFO ] [restartedMain] o.s.d.r.c.RepositoryConfigurationDelegate - Bootstrapping Spring Data JPA repositories in DEFAULT mode.
2020-05-07 20:21:20.749 [INFO ] [restartedMain] o.s.d.r.c.RepositoryConfigurationDelegate - Finished Spring Data repository scanning in 51ms. Found 1 JPA repository interfaces.
2020-05-07 20:21:21.689 [INFO ] [restartedMain] o.s.b.w.e.t.TomcatWebServer - Tomcat initialized with port(s): 8083 (http)
2020-05-07 20:21:21.691 [INFO ] [restartedMain] o.a.c.c.StandardService - Starting service [Tomcat]
2020-05-07 20:21:21.693 [INFO ] [restartedMain] o.a.c.c.StandardEngine - Starting Servlet engine: [Apache Tomcat/9.0.33]
2020-05-07 20:21:22.005 [INFO ] [restartedMain] o.a.c.c.C.[.[.[/] - Initializing Spring embedded WebApplicationContext
2020-05-07 20:21:22.006 [INFO ] [restartedMain] o.s.w.c.ContextLoader - Root WebApplicationContext: initialization completed in 2950 ms
2020-05-07 20:21:22.412 [INFO ] [restartedMain] o.h.j.i.u.LogHelper - HHH000204: Processing PersistenceUnitInfo [name: default]
2020-05-07 20:21:22.474 [INFO ] [restartedMain] c.z.h.HikariDataSource - HikariPool-9 - Starting...
2020-05-07 20:21:22.512 [INFO ] [restartedMain] c.z.h.HikariDataSource - HikariPool-9 - Start completed.
2020-05-07 20:21:22.514 [INFO ] [restartedMain] o.h.d.Dialect - HHH000400: Using dialect: org.hibernate.dialect.MySQL55Dialect
2020-05-07 20:21:23.893 [INFO ] [restartedMain] o.h.e.t.j.p.i.JtaPlatformInitiator - HHH000490: Using JtaPlatform implementation: [org.hibernate.engine.transaction.jta.platform.internal.NoJtaPlatform]
2020-05-07 20:21:23.895 [INFO ] [restartedMain] o.s.o.j.LocalContainerEntityManagerFactoryBean - Initialized JPA EntityManagerFactory for persistence unit 'default'
2020-05-07 20:21:23.950 [INFO ] [restartedMain] o.s.b.d.a.OptionalLiveReloadServer - LiveReload server is running on port 35729
2020-05-07 20:21:24.471 [WARN ] [restartedMain] o.s.b.a.o.j.JpaBaseConfiguration$JpaWebConfiguration - spring.jpa.open-in-view is enabled by default. Therefore, database queries may be performed during view rendering. Explicitly configure spring.jpa.open-in-view to disable this warning
2020-05-07 20:21:24.702 [INFO ] [restartedMain] o.s.s.c.ThreadPoolTaskExecutor - Initializing ExecutorService 'applicationTaskExecutor'
2020-05-07 20:21:25.082 [INFO ] [restartedMain] o.s.b.w.e.t.TomcatWebServer - Tomcat started on port(s): 8083 (http) with context path ''
2020-05-07 20:21:25.087 [INFO ] [restartedMain] c.e.d.DevopscasestudyApplication - Started DevopscasestudyApplication in 6.291 seconds (JVM running for 26610.221)
2020-05-07 20:21:25.098 [INFO ] [restartedMain] o.s.b.d.a.ConditionEvaluationDeltaLoggingListener - Condition evaluation unchanged
2020-05-07 20:22:00.764 [INFO ] [Thread-46] o.s.s.c.ThreadPoolTaskExecutor - Shutting down ExecutorService 'applicationTaskExecutor'
2020-05-07 20:22:00.771 [INFO ] [Thread-46] o.s.o.j.LocalContainerEntityManagerFactoryBean - Closing JPA EntityManagerFactory for persistence unit 'default'
2020-05-07 20:22:00.775 [INFO ] [Thread-46] c.z.h.HikariDataSource - HikariPool-9 - Shutdown initiated...
2020-05-07 20:22:00.840 [INFO ] [Thread-46] c.z.h.HikariDataSource - HikariPool-9 - Shutdown completed.
2020-05-07 20:22:08.963 [INFO ] [restartedMain] c.e.d.DevopscasestudyApplication - Starting DevopscasestudyApplication on DESKTOP-BG1HV2K with PID 28044 (C:\devops\java\devopscasestudy\target\classes started by GangaRevankar in C:\devops\java\devopscasestudy)
2020-05-07 20:22:08.965 [INFO ] [restartedMain] c.e.d.DevopscasestudyApplication - No active profile set, falling back to default profiles: default
2020-05-07 20:22:09.986 [INFO ] [restartedMain] o.s.d.r.c.RepositoryConfigurationDelegate - Bootstrapping Spring Data JPA repositories in DEFAULT mode.
2020-05-07 20:22:10.021 [INFO ] [restartedMain] o.s.d.r.c.RepositoryConfigurationDelegate - Finished Spring Data repository scanning in 33ms. Found 1 JPA repository interfaces.
2020-05-07 20:22:10.444 [INFO ] [restartedMain] o.s.b.w.e.t.TomcatWebServer - Tomcat initialized with port(s): 8083 (http)
2020-05-07 20:22:10.449 [INFO ] [restartedMain] o.a.c.c.StandardService - Starting service [Tomcat]
2020-05-07 20:22:10.450 [INFO ] [restartedMain] o.a.c.c.StandardEngine - Starting Servlet engine: [Apache Tomcat/9.0.33]
2020-05-07 20:22:10.529 [INFO ] [restartedMain] o.a.c.c.C.[.[.[/] - Initializing Spring embedded WebApplicationContext
2020-05-07 20:22:10.530 [INFO ] [restartedMain] o.s.w.c.ContextLoader - Root WebApplicationContext: initialization completed in 1554 ms
2020-05-07 20:22:10.666 [INFO ] [restartedMain] o.h.j.i.u.LogHelper - HHH000204: Processing PersistenceUnitInfo [name: default]
2020-05-07 20:22:10.686 [INFO ] [restartedMain] c.z.h.HikariDataSource - HikariPool-10 - Starting...
2020-05-07 20:22:10.701 [INFO ] [restartedMain] c.z.h.HikariDataSource - HikariPool-10 - Start completed.
2020-05-07 20:22:10.702 [INFO ] [restartedMain] o.h.d.Dialect - HHH000400: Using dialect: org.hibernate.dialect.MySQL55Dialect
2020-05-07 20:22:11.515 [INFO ] [restartedMain] o.h.e.t.j.p.i.JtaPlatformInitiator - HHH000490: Using JtaPlatform implementation: [org.hibernate.engine.transaction.jta.platform.internal.NoJtaPlatform]
2020-05-07 20:22:11.517 [INFO ] [restartedMain] o.s.o.j.LocalContainerEntityManagerFactoryBean - Initialized JPA EntityManagerFactory for persistence unit 'default'
2020-05-07 20:22:11.552 [INFO ] [restartedMain] o.s.b.d.a.OptionalLiveReloadServer - LiveReload server is running on port 35729
2020-05-07 20:22:11.985 [WARN ] [restartedMain] o.s.b.a.o.j.JpaBaseConfiguration$JpaWebConfiguration - spring.jpa.open-in-view is enabled by default. Therefore, database queries may be performed during view rendering. Explicitly configure spring.jpa.open-in-view to disable this warning
2020-05-07 20:22:12.265 [INFO ] [restartedMain] o.s.s.c.ThreadPoolTaskExecutor - Initializing ExecutorService 'applicationTaskExecutor'
2020-05-07 20:22:12.737 [INFO ] [restartedMain] o.s.b.w.e.t.TomcatWebServer - Tomcat started on port(s): 8083 (http) with context path ''
2020-05-07 20:22:12.755 [INFO ] [restartedMain] c.e.d.DevopscasestudyApplication - Started DevopscasestudyApplication in 3.976 seconds (JVM running for 26657.89)
2020-05-07 20:22:12.771 [INFO ] [restartedMain] o.s.b.d.a.ConditionEvaluationDeltaLoggingListener - Condition evaluation unchanged
2020-05-07 21:06:22.745 [WARN ] [HikariPool-10 housekeeper] c.z.h.p.HikariPool - HikariPool-10 - Thread starvation or clock leap detected (housekeeper delta=22m41s908ms419µs800ns).
2020-05-07 21:16:03.906 [INFO ] [RMI TCP Connection(533)-127.0.0.1] o.s.b.a.SpringApplicationAdminMXBeanRegistrar$SpringApplicationAdmin - Application shutdown requested.
2020-05-07 21:16:03.908 [INFO ] [RMI TCP Connection(533)-127.0.0.1] o.s.s.c.ThreadPoolTaskExecutor - Shutting down ExecutorService 'applicationTaskExecutor'
2020-05-07 21:16:03.909 [INFO ] [RMI TCP Connection(533)-127.0.0.1] o.s.o.j.LocalContainerEntityManagerFactoryBean - Closing JPA EntityManagerFactory for persistence unit 'default'
2020-05-07 21:16:03.911 [INFO ] [RMI TCP Connection(533)-127.0.0.1] c.z.h.HikariDataSource - HikariPool-10 - Shutdown initiated...
2020-05-07 21:16:03.927 [INFO ] [RMI TCP Connection(533)-127.0.0.1] c.z.h.HikariDataSource - HikariPool-10 - Shutdown completed.
2020-05-07 21:20:43.690 [INFO ] [restartedMain] c.e.d.DevopscasestudyApplication - Starting DevopscasestudyApplication on DESKTOP-BG1HV2K with PID 34220 (C:\devops\java\devopscasestudy\target\classes started by GangaRevankar in C:\devops\java\devopscasestudy)
2020-05-07 21:20:43.703 [INFO ] [restartedMain] c.e.d.DevopscasestudyApplication - No active profile set, falling back to default profiles: default
2020-05-07 21:20:43.892 [INFO ] [restartedMain] o.s.b.d.r.ChangeableUrls - The Class-Path manifest attribute in C:\Users\GangaRevankar\.m2\repository\org\glassfish\jaxb\jaxb-runtime\2.3.2\jaxb-runtime-2.3.2.jar referenced one or more files that do not exist: file:/C:/Users/GangaRevankar/.m2/repository/org/glassfish/jaxb/jaxb-runtime/2.3.2/jakarta.xml.bind-api-2.3.2.jar,file:/C:/Users/GangaRevankar/.m2/repository/org/glassfish/jaxb/jaxb-runtime/2.3.2/txw2-2.3.2.jar,file:/C:/Users/GangaRevankar/.m2/repository/org/glassfish/jaxb/jaxb-runtime/2.3.2/istack-commons-runtime-3.0.8.jar,file:/C:/Users/GangaRevankar/.m2/repository/org/glassfish/jaxb/jaxb-runtime/2.3.2/stax-ex-1.8.1.jar,file:/C:/Users/GangaRevankar/.m2/repository/org/glassfish/jaxb/jaxb-runtime/2.3.2/FastInfoset-1.2.16.jar,file:/C:/Users/GangaRevankar/.m2/repository/org/glassfish/jaxb/jaxb-runtime/2.3.2/jakarta.activation-api-1.2.1.jar
2020-05-07 21:20:43.894 [INFO ] [restartedMain] o.s.b.d.e.DevToolsPropertyDefaultsPostProcessor - Devtools property defaults active! Set 'spring.devtools.add-properties' to 'false' to disable
2020-05-07 21:20:43.895 [INFO ] [restartedMain] o.s.b.d.e.DevToolsPropertyDefaultsPostProcessor - For additional web related logging consider setting the 'logging.level.web' property to 'DEBUG'
2020-05-07 21:20:46.785 [INFO ] [restartedMain] o.s.d.r.c.RepositoryConfigurationDelegate - Bootstrapping Spring Data JPA repositories in DEFAULT mode.
2020-05-07 21:20:47.024 [INFO ] [restartedMain] o.s.d.r.c.RepositoryConfigurationDelegate - Finished Spring Data repository scanning in 204ms. Found 1 JPA repository interfaces.
2020-05-07 21:20:49.284 [INFO ] [restartedMain] o.s.b.w.e.t.TomcatWebServer - Tomcat initialized with port(s): 8083 (http)
2020-05-07 21:20:49.365 [INFO ] [restartedMain] o.a.c.c.StandardService - Starting service [Tomcat]
2020-05-07 21:20:49.367 [INFO ] [restartedMain] o.a.c.c.StandardEngine - Starting Servlet engine: [Apache Tomcat/9.0.33]
2020-05-07 21:20:49.730 [INFO ] [restartedMain] o.a.c.c.C.[.[.[/] - Initializing Spring embedded WebApplicationContext
2020-05-07 21:20:49.731 [INFO ] [restartedMain] o.s.w.c.ContextLoader - Root WebApplicationContext: initialization completed in 5836 ms
2020-05-07 21:20:50.273 [INFO ] [restartedMain] o.h.j.i.u.LogHelper - HHH000204: Processing PersistenceUnitInfo [name: default]
2020-05-07 21:20:50.506 [INFO ] [restartedMain] o.h.Version - HHH000412: Hibernate ORM core version 5.4.12.Final
2020-05-07 21:20:50.777 [INFO ] [restartedMain] o.h.a.c.Version - HCANN000001: Hibernate Commons Annotations {5.1.0.Final}
2020-05-07 21:20:50.967 [INFO ] [restartedMain] c.z.h.HikariDataSource - HikariPool-1 - Starting...
2020-05-07 21:20:51.196 [INFO ] [restartedMain] c.z.h.HikariDataSource - HikariPool-1 - Start completed.
2020-05-07 21:20:51.253 [INFO ] [restartedMain] o.h.d.Dialect - HHH000400: Using dialect: org.hibernate.dialect.MySQL55Dialect
2020-05-07 21:20:52.833 [INFO ] [restartedMain] o.h.e.t.j.p.i.JtaPlatformInitiator - HHH000490: Using JtaPlatform implementation: [org.hibernate.engine.transaction.jta.platform.internal.NoJtaPlatform]
2020-05-07 21:20:52.844 [INFO ] [restartedMain] o.s.o.j.LocalContainerEntityManagerFactoryBean - Initialized JPA EntityManagerFactory for persistence unit 'default'
2020-05-07 21:20:52.886 [INFO ] [restartedMain] o.s.b.d.a.OptionalLiveReloadServer - LiveReload server is running on port 35729
2020-05-07 21:20:53.503 [WARN ] [restartedMain] o.s.b.a.o.j.JpaBaseConfiguration$JpaWebConfiguration - spring.jpa.open-in-view is enabled by default. Therefore, database queries may be performed during view rendering. Explicitly configure spring.jpa.open-in-view to disable this warning
2020-05-07 21:20:53.834 [INFO ] [restartedMain] o.s.s.c.ThreadPoolTaskExecutor - Initializing ExecutorService 'applicationTaskExecutor'
2020-05-07 21:20:54.431 [INFO ] [restartedMain] o.s.b.w.e.t.TomcatWebServer - Tomcat started on port(s): 8083 (http) with context path ''
2020-05-07 21:20:54.440 [INFO ] [restartedMain] c.e.d.DevopscasestudyApplication - Started DevopscasestudyApplication in 12.328 seconds (JVM running for 16.567)
